<?xml version="1.0" encoding="UTF-8"?>
<testng-results ignored="0" total="1" passed="1" failed="0" skipped="0">
  <reporter-output>
  </reporter-output>
  <suite started-at="2024-01-04T20:25:13 PST" name="Default suite" finished-at="2024-01-04T20:25:33 PST" duration-ms="20131">
    <groups>
    </groups>
    <test started-at="2024-01-04T20:25:13 PST" name="Default test" finished-at="2024-01-04T20:25:33 PST" duration-ms="20131">
      <class name="droupdowndemo.fram_demo">
        <test-method signature="rida()[pri:0, instance:droupdowndemo.fram_demo@55536d9e]" started-at="2024-01-04T20:25:13 PST" name="rida" finished-at="2024-01-04T20:25:33 PST" duration-ms="20077" status="PASS">
          <reporter-output>
          </reporter-output>
        </test-method> <!-- rida -->
      </class> <!-- droupdowndemo.fram_demo -->
    </test> <!-- Default test -->
  </suite> <!-- Default suite -->
</testng-results>
